<?xml version="1.0" encoding="UTF-8"?>
<testsuite name="Compras en pagina de falabella" tests="1" skipped="0" failures="0" errors="0" timestamp="2023-03-30T15:18:59" hostname="DESKTOP-4V0UC4E" time="15.686">
  <properties/>
  <testcase name="Compra de productos" classname="Compras en pagina de falabella" time="15.686"/>
  <system-out><![CDATA[]]></system-out>
  <system-err><![CDATA[Starting ChromeDriver 111.0.5563.64 (c710e93d5b63b7095afe8c2c17df34408078439d-refs/branch-heads/5563@{#995}) on port 63439
Only local connections are allowed.
Please see https://chromedriver.chromium.org/security-considerations for suggestions on keeping ChromeDriver safe.
ChromeDriver was started successfully.
mar. 30, 2023 10:19:01 A. M. org.openqa.selenium.remote.ProtocolHandshake createSession
INFO: Detected dialect: W3C
mar. 30, 2023 10:19:01 A. M. org.openqa.selenium.remote.DesiredCapabilities chrome
INFO: Using `new ChromeOptions()` is preferred to `DesiredCapabilities.chrome()`
Starting ChromeDriver 111.0.5563.64 (c710e93d5b63b7095afe8c2c17df34408078439d-refs/branch-heads/5563@{#995}) on port 26310
Only local connections are allowed.
Please see https://chromedriver.chromium.org/security-considerations for suggestions on keeping ChromeDriver safe.
ChromeDriver was started successfully.
mar. 30, 2023 10:19:03 A. M. org.openqa.selenium.remote.ProtocolHandshake createSession
INFO: Detected dialect: W3C
]]></system-err>
</testsuite>
